No. of twitter keys : 1
 * Serving Flask app "app" (lazy loading)
 * Environment: production
   WARNING: Do not use the development server in a production environment.
   Use a production WSGI server instead.
 * Debug mode: off
Traceback (most recent call last):
  File "/Users/donbuddenbaum/.pyenv/versions/3.6.15/lib/python3.6/runpy.py", line 193, in _run_module_as_main
    "__main__", mod_spec)
  File "/Users/donbuddenbaum/.pyenv/versions/3.6.15/lib/python3.6/runpy.py", line 85, in _run_code
    exec(code, run_globals)
  File "/Users/donbuddenbaum/Documents/FakeNewsNet/code/resource_server/app.py", line 61, in <module>
    app.run(host='0.0.0.0', debug=False)
  File "/Users/donbuddenbaum/.pyenv/versions/3.6.15/lib/python3.6/site-packages/flask/app.py", line 943, in run
    run_simple(host, port, self, **options)
  File "/Users/donbuddenbaum/.pyenv/versions/3.6.15/lib/python3.6/site-packages/werkzeug/serving.py", line 990, in run_simple
    inner()
  File "/Users/donbuddenbaum/.pyenv/versions/3.6.15/lib/python3.6/site-packages/werkzeug/serving.py", line 943, in inner
    fd=fd,
  File "/Users/donbuddenbaum/.pyenv/versions/3.6.15/lib/python3.6/site-packages/werkzeug/serving.py", line 786, in make_server
    host, port, app, request_handler, passthrough_errors, ssl_context, fd=fd
  File "/Users/donbuddenbaum/.pyenv/versions/3.6.15/lib/python3.6/site-packages/werkzeug/serving.py", line 679, in __init__
    HTTPServer.__init__(self, server_address, handler)
  File "/Users/donbuddenbaum/.pyenv/versions/3.6.15/lib/python3.6/socketserver.py", line 456, in __init__
    self.server_bind()
  File "/Users/donbuddenbaum/.pyenv/versions/3.6.15/lib/python3.6/http/server.py", line 136, in server_bind
    socketserver.TCPServer.server_bind(self)
  File "/Users/donbuddenbaum/.pyenv/versions/3.6.15/lib/python3.6/socketserver.py", line 470, in server_bind
    self.socket.bind(self.server_address)
OSError: [Errno 48] Address already in use
